<?xml version="1.0" encoding="UTF-8"?>
<testng-results ignored="0" total="1" passed="1" failed="0" skipped="0">
  <reporter-output>
  </reporter-output>
  <suite started-at="2023-04-13T12:21:54Z" name="InetBanking" finished-at="2023-04-13T12:22:43Z" duration-ms="48465">
    <groups>
    </groups>
    <test started-at="2023-04-13T12:21:54Z" name="Guru99 Banking APP" finished-at="2023-04-13T12:22:43Z" duration-ms="48465">
      <class name="com.inetbanking.testCases.TC_Withdrawal_005">
        <test-method is-config="true" signature="setup(java.lang.String)[pri:0, instance:com.inetbanking.testCases.TC_Withdrawal_005@1460a8c0]" started-at="2023-04-13T12:21:55Z" name="setup" finished-at="2023-04-13T12:22:15Z" duration-ms="20463" status="PASS">
          <params>
            <param index="0">
              <value>
                <![CDATA[firefox]]>
              </value>
            </param>
          </params>
          <reporter-output>
          </reporter-output>
        </test-method> <!-- setup -->
        <test-method signature="withdrawFromAccount()[pri:0, instance:com.inetbanking.testCases.TC_Withdrawal_005@1460a8c0]" started-at="2023-04-13T12:22:15Z" name="withdrawFromAccount" finished-at="2023-04-13T12:22:42Z" duration-ms="26627" status="PASS">
          <reporter-output>
          </reporter-output>
        </test-method> <!-- withdrawFromAccount -->
        <test-method is-config="true" signature="tearDown()[pri:0, instance:com.inetbanking.testCases.TC_Withdrawal_005@1460a8c0]" started-at="2023-04-13T12:22:42Z" name="tearDown" finished-at="2023-04-13T12:22:43Z" duration-ms="977" status="PASS">
          <reporter-output>
          </reporter-output>
        </test-method> <!-- tearDown -->
      </class> <!-- com.inetbanking.testCases.TC_Withdrawal_005 -->
    </test> <!-- Guru99 Banking APP -->
  </suite> <!-- InetBanking -->
</testng-results>
